2023-05-04T09:56:48.708643-00:00 0 [Warning] [MY-011068] [Server] The syntax '--skip-host-cache' is deprecated and will be removed in a future release. Please use SET GLOBAL host_cache_size=0 instead.
2023-05-04T09:56:48.709234-00:00 0 [System] [MY-013169] [Server] /usr/sbin/mysqld (mysqld 8.0.32) initializing of server in progress as process 16
2023-05-04T09:56:48.717022-00:00 0 [Warning] [MY-010159] [Server] Setting lower_case_table_names=2 because file system for /var/lib/mysql/ is case insensitive
2023-05-04T09:56:48.741265-00:00 1 [System] [MY-013576] [InnoDB] InnoDB initialization has started.
2023-05-04T09:56:52.923801-00:00 1 [System] [MY-013577] [InnoDB] InnoDB initialization has ended.
2023-05-04T09:56:55.337983-00:00 6 [Warning] [MY-010453] [Server] root@localhost is created with an empty password ! Please consider switching off the --initialize-insecure option.
2023-05-04T09:57:05.362861-00:00 0 [Warning] [MY-011068] [Server] The syntax '--skip-host-cache' is deprecated and will be removed in a future release. Please use SET GLOBAL host_cache_size=0 instead.
2023-05-04T09:57:05.368439-00:00 0 [System] [MY-010116] [Server] /usr/sbin/mysqld (mysqld 8.0.32) starting as process 57
2023-05-04T09:57:05.372691-00:00 0 [Warning] [MY-010159] [Server] Setting lower_case_table_names=2 because file system for /var/lib/mysql/ is case insensitive
2023-05-04T09:57:05.404970-00:00 1 [System] [MY-013576] [InnoDB] InnoDB initialization has started.
2023-05-04T09:57:07.647886-00:00 1 [System] [MY-013577] [InnoDB] InnoDB initialization has ended.
2023-05-04T09:57:08.472500-00:00 0 [Warning] [MY-010068] [Server] CA certificate ca.pem is self signed.
2023-05-04T09:57:08.472964-00:00 0 [System] [MY-013602] [Server] Channel mysql_main configured to support TLS. Encrypted connections are now supported for this channel.
2023-05-04T09:57:08.523737-00:00 0 [System] [MY-011323] [Server] X Plugin ready for connections. Socket: /var/run/mysqld/mysqlx.sock
2023-05-04T09:57:08.523757-00:00 0 [System] [MY-010931] [Server] /usr/sbin/mysqld: ready for connections. Version: '8.0.32'  socket: '/var/lib/mysql/mysql.sock'  port: 0  MySQL Community Server - GPL.
2023-05-04T09:57:15.509349-00:00 14 [System] [MY-013172] [Server] Received SHUTDOWN from user root. Shutting down mysqld (Version: 8.0.32).
2023-05-04T09:57:17.319263-00:00 0 [System] [MY-010910] [Server] /usr/sbin/mysqld: Shutdown complete (mysqld 8.0.32)  MySQL Community Server - GPL.
2023-05-04T09:57:17.703764-00:00 0 [Warning] [MY-011068] [Server] The syntax '--skip-host-cache' is deprecated and will be removed in a future release. Please use SET GLOBAL host_cache_size=0 instead.
2023-05-04T09:57:17.708473-00:00 0 [System] [MY-010116] [Server] /usr/sbin/mysqld (mysqld 8.0.32) starting as process 1
2023-05-04T09:57:17.713471-00:00 0 [Warning] [MY-010159] [Server] Setting lower_case_table_names=2 because file system for /var/lib/mysql/ is case insensitive
2023-05-04T09:57:17.726217-00:00 1 [System] [MY-013576] [InnoDB] InnoDB initialization has started.
2023-05-04T09:57:19.678989-00:00 1 [System] [MY-013577] [InnoDB] InnoDB initialization has ended.
2023-05-04T09:57:20.402038-00:00 0 [Warning] [MY-010068] [Server] CA certificate ca.pem is self signed.
2023-05-04T09:57:20.402464-00:00 0 [System] [MY-013602] [Server] Channel mysql_main configured to support TLS. Encrypted connections are now supported for this channel.
2023-05-04T09:57:20.449919-00:00 0 [System] [MY-011323] [Server] X Plugin ready for connections. Bind-address: '::' port: 33060, socket: /var/run/mysqld/mysqlx.sock
2023-05-04T09:57:20.449985-00:00 0 [System] [MY-010931] [Server] /usr/sbin/mysqld: ready for connections. Version: '8.0.32'  socket: '/var/lib/mysql/mysql.sock'  port: 3306  MySQL Community Server - GPL.
2023-05-04T09:59:23.987543-00:00 0 [System] [MY-013172] [Server] Received SHUTDOWN from user <via user signal>. Shutting down mysqld (Version: 8.0.32).
2023-05-04T09:59:24.959951-00:00 0 [System] [MY-010910] [Server] /usr/sbin/mysqld: Shutdown complete (mysqld 8.0.32)  MySQL Community Server - GPL.
2023-05-04T22:50:36.891588-00:00 0 [Warning] [MY-011068] [Server] The syntax '--skip-host-cache' is deprecated and will be removed in a future release. Please use SET GLOBAL host_cache_size=0 instead.
2023-05-04T22:50:36.899737-00:00 0 [System] [MY-010116] [Server] /usr/sbin/mysqld (mysqld 8.0.32) starting as process 1
2023-05-04T22:50:36.904250-00:00 0 [Warning] [MY-010159] [Server] Setting lower_case_table_names=2 because file system for /var/lib/mysql/ is case insensitive
2023-05-04T22:50:36.921960-00:00 1 [System] [MY-013576] [InnoDB] InnoDB initialization has started.
2023-05-04T22:50:39.824035-00:00 1 [System] [MY-013577] [InnoDB] InnoDB initialization has ended.
2023-05-04T22:50:40.648396-00:00 0 [Warning] [MY-010068] [Server] CA certificate ca.pem is self signed.
2023-05-04T22:50:40.648791-00:00 0 [System] [MY-013602] [Server] Channel mysql_main configured to support TLS. Encrypted connections are now supported for this channel.
2023-05-04T22:50:40.771498-00:00 0 [System] [MY-011323] [Server] X Plugin ready for connections. Bind-address: '::' port: 33060, socket: /var/run/mysqld/mysqlx.sock
2023-05-04T22:50:40.771888-00:00 0 [System] [MY-010931] [Server] /usr/sbin/mysqld: ready for connections. Version: '8.0.32'  socket: '/var/lib/mysql/mysql.sock'  port: 3306  MySQL Community Server - GPL.
2023-05-04T23:16:08.897441-00:00 0 [System] [MY-013172] [Server] Received SHUTDOWN from user <via user signal>. Shutting down mysqld (Version: 8.0.32).
2023-05-04T23:16:10.175860-00:00 0 [System] [MY-010910] [Server] /usr/sbin/mysqld: Shutdown complete (mysqld 8.0.32)  MySQL Community Server - GPL.
2023-05-04T23:17:58.410305-00:00 0 [Warning] [MY-011068] [Server] The syntax '--skip-host-cache' is deprecated and will be removed in a future release. Please use SET GLOBAL host_cache_size=0 instead.
2023-05-04T23:17:58.415885-00:00 0 [System] [MY-010116] [Server] /usr/sbin/mysqld (mysqld 8.0.32) starting as process 1
2023-05-04T23:17:58.420945-00:00 0 [Warning] [MY-010159] [Server] Setting lower_case_table_names=2 because file system for /var/lib/mysql/ is case insensitive
2023-05-04T23:17:58.439451-00:00 1 [System] [MY-013576] [InnoDB] InnoDB initialization has started.
2023-05-04T23:18:00.914427-00:00 1 [System] [MY-013577] [InnoDB] InnoDB initialization has ended.
2023-05-04T23:18:01.893958-00:00 0 [Warning] [MY-010068] [Server] CA certificate ca.pem is self signed.
2023-05-04T23:18:01.894955-00:00 0 [System] [MY-013602] [Server] Channel mysql_main configured to support TLS. Encrypted connections are now supported for this channel.
2023-05-04T23:18:02.062424-00:00 0 [System] [MY-011323] [Server] X Plugin ready for connections. Bind-address: '::' port: 33060, socket: /var/run/mysqld/mysqlx.sock
2023-05-04T23:18:02.063486-00:00 0 [System] [MY-010931] [Server] /usr/sbin/mysqld: ready for connections. Version: '8.0.32'  socket: '/var/lib/mysql/mysql.sock'  port: 3306  MySQL Community Server - GPL.
2023-05-04T23:21:01.445592-00:00 0 [System] [MY-013172] [Server] Received SHUTDOWN from user <via user signal>. Shutting down mysqld (Version: 8.0.32).
2023-05-04T23:21:02.537356-00:00 0 [System] [MY-010910] [Server] /usr/sbin/mysqld: Shutdown complete (mysqld 8.0.32)  MySQL Community Server - GPL.
2023-05-04T23:21:04.712003-00:00 0 [Warning] [MY-011068] [Server] The syntax '--skip-host-cache' is deprecated and will be removed in a future release. Please use SET GLOBAL host_cache_size=0 instead.
2023-05-04T23:21:04.716595-00:00 0 [System] [MY-010116] [Server] /usr/sbin/mysqld (mysqld 8.0.32) starting as process 1
2023-05-04T23:21:04.721360-00:00 0 [Warning] [MY-010159] [Server] Setting lower_case_table_names=2 because file system for /var/lib/mysql/ is case insensitive
2023-05-04T23:21:04.741148-00:00 1 [System] [MY-013576] [InnoDB] InnoDB initialization has started.
2023-05-04T23:21:07.479944-00:00 1 [System] [MY-013577] [InnoDB] InnoDB initialization has ended.
2023-05-04T23:21:08.308040-00:00 0 [Warning] [MY-010068] [Server] CA certificate ca.pem is self signed.
2023-05-04T23:21:08.308411-00:00 0 [System] [MY-013602] [Server] Channel mysql_main configured to support TLS. Encrypted connections are now supported for this channel.
2023-05-04T23:21:08.410575-00:00 0 [System] [MY-011323] [Server] X Plugin ready for connections. Bind-address: '::' port: 33060, socket: /var/run/mysqld/mysqlx.sock
2023-05-04T23:21:08.410863-00:00 0 [System] [MY-010931] [Server] /usr/sbin/mysqld: ready for connections. Version: '8.0.32'  socket: '/var/lib/mysql/mysql.sock'  port: 3306  MySQL Community Server - GPL.
2023-05-04T23:24:15.008393-00:00 0 [System] [MY-013172] [Server] Received SHUTDOWN from user <via user signal>. Shutting down mysqld (Version: 8.0.32).
2023-05-04T23:24:17.032965-00:00 0 [Warning] [MY-010909] [Server] /usr/sbin/mysqld: Forcing close of thread 13  user: 'java'.
2023-05-04T23:24:17.034717-00:00 0 [Warning] [MY-010909] [Server] /usr/sbin/mysqld: Forcing close of thread 14  user: 'java'.
2023-05-04T23:24:17.921044-00:00 0 [System] [MY-010910] [Server] /usr/sbin/mysqld: Shutdown complete (mysqld 8.0.32)  MySQL Community Server - GPL.
2023-05-04T23:28:17.276611-00:00 0 [Warning] [MY-011068] [Server] The syntax '--skip-host-cache' is deprecated and will be removed in a future release. Please use SET GLOBAL host_cache_size=0 instead.
2023-05-04T23:28:17.286763-00:00 0 [System] [MY-010116] [Server] /usr/sbin/mysqld (mysqld 8.0.32) starting as process 1
2023-05-04T23:28:17.295540-00:00 0 [Warning] [MY-010159] [Server] Setting lower_case_table_names=2 because file system for /var/lib/mysql/ is case insensitive
2023-05-04T23:28:17.315886-00:00 1 [System] [MY-013576] [InnoDB] InnoDB initialization has started.
2023-05-04T23:28:20.764350-00:00 1 [System] [MY-013577] [InnoDB] InnoDB initialization has ended.
2023-05-04T23:28:21.412321-00:00 0 [Warning] [MY-010068] [Server] CA certificate ca.pem is self signed.
2023-05-04T23:28:21.412783-00:00 0 [System] [MY-013602] [Server] Channel mysql_main configured to support TLS. Encrypted connections are now supported for this channel.
2023-05-04T23:28:21.505043-00:00 0 [System] [MY-011323] [Server] X Plugin ready for connections. Bind-address: '::' port: 33060, socket: /var/run/mysqld/mysqlx.sock
2023-05-04T23:28:21.505289-00:00 0 [System] [MY-010931] [Server] /usr/sbin/mysqld: ready for connections. Version: '8.0.32'  socket: '/var/lib/mysql/mysql.sock'  port: 3306  MySQL Community Server - GPL.
2023-05-05T02:34:31.107787-00:00 0 [System] [MY-013172] [Server] Received SHUTDOWN from user <via user signal>. Shutting down mysqld (Version: 8.0.32).
2023-05-05T02:34:33.123195-00:00 0 [Warning] [MY-010909] [Server] /usr/sbin/mysqld: Forcing close of thread 8  user: 'java'.
2023-05-05T02:34:33.130067-00:00 0 [Warning] [MY-010909] [Server] /usr/sbin/mysqld: Forcing close of thread 9  user: 'java'.
2023-05-05T02:34:33.889587-00:00 0 [System] [MY-010910] [Server] /usr/sbin/mysqld: Shutdown complete (mysqld 8.0.32)  MySQL Community Server - GPL.
2023-05-05T18:14:18.243192-00:00 0 [Warning] [MY-011068] [Server] The syntax '--skip-host-cache' is deprecated and will be removed in a future release. Please use SET GLOBAL host_cache_size=0 instead.
2023-05-05T18:14:18.249900-00:00 0 [System] [MY-010116] [Server] /usr/sbin/mysqld (mysqld 8.0.32) starting as process 1
2023-05-05T18:14:18.256712-00:00 0 [Warning] [MY-010159] [Server] Setting lower_case_table_names=2 because file system for /var/lib/mysql/ is case insensitive
2023-05-05T18:14:18.277913-00:00 1 [System] [MY-013576] [InnoDB] InnoDB initialization has started.
2023-05-05T18:14:21.512829-00:00 1 [System] [MY-013577] [InnoDB] InnoDB initialization has ended.
2023-05-05T18:14:22.171620-00:00 0 [Warning] [MY-010068] [Server] CA certificate ca.pem is self signed.
2023-05-05T18:14:22.172058-00:00 0 [System] [MY-013602] [Server] Channel mysql_main configured to support TLS. Encrypted connections are now supported for this channel.
2023-05-05T18:14:22.297667-00:00 0 [System] [MY-011323] [Server] X Plugin ready for connections. Bind-address: '::' port: 33060, socket: /var/run/mysqld/mysqlx.sock
2023-05-05T18:14:22.297857-00:00 0 [System] [MY-010931] [Server] /usr/sbin/mysqld: ready for connections. Version: '8.0.32'  socket: '/var/lib/mysql/mysql.sock'  port: 3306  MySQL Community Server - GPL.
2023-05-05T18:15:10.322744-00:00 0 [System] [MY-013172] [Server] Received SHUTDOWN from user <via user signal>. Shutting down mysqld (Version: 8.0.32).
2023-05-05T18:15:11.569660-00:00 0 [System] [MY-010910] [Server] /usr/sbin/mysqld: Shutdown complete (mysqld 8.0.32)  MySQL Community Server - GPL.
2023-05-05T18:15:29.840785-00:00 0 [Warning] [MY-011068] [Server] The syntax '--skip-host-cache' is deprecated and will be removed in a future release. Please use SET GLOBAL host_cache_size=0 instead.
2023-05-05T18:15:29.845361-00:00 0 [System] [MY-010116] [Server] /usr/sbin/mysqld (mysqld 8.0.32) starting as process 1
2023-05-05T18:15:29.849648-00:00 0 [Warning] [MY-010159] [Server] Setting lower_case_table_names=2 because file system for /var/lib/mysql/ is case insensitive
2023-05-05T18:15:29.876043-00:00 1 [System] [MY-013576] [InnoDB] InnoDB initialization has started.
2023-05-05T18:15:32.482886-00:00 1 [System] [MY-013577] [InnoDB] InnoDB initialization has ended.
2023-05-05T18:15:33.422738-00:00 0 [Warning] [MY-010068] [Server] CA certificate ca.pem is self signed.
2023-05-05T18:15:33.424273-00:00 0 [System] [MY-013602] [Server] Channel mysql_main configured to support TLS. Encrypted connections are now supported for this channel.
2023-05-05T18:15:33.592770-00:00 0 [System] [MY-010931] [Server] /usr/sbin/mysqld: ready for connections. Version: '8.0.32'  socket: '/var/lib/mysql/mysql.sock'  port: 3306  MySQL Community Server - GPL.
2023-05-05T18:15:33.593303-00:00 0 [System] [MY-011323] [Server] X Plugin ready for connections. Bind-address: '::' port: 33060, socket: /var/run/mysqld/mysqlx.sock
2023-05-05T18:19:18.099384-00:00 0 [System] [MY-013172] [Server] Received SHUTDOWN from user <via user signal>. Shutting down mysqld (Version: 8.0.32).
2023-05-05T18:19:18.959496-00:00 0 [System] [MY-010910] [Server] /usr/sbin/mysqld: Shutdown complete (mysqld 8.0.32)  MySQL Community Server - GPL.
2023-05-05T18:19:22.718114-00:00 0 [Warning] [MY-011068] [Server] The syntax '--skip-host-cache' is deprecated and will be removed in a future release. Please use SET GLOBAL host_cache_size=0 instead.
2023-05-05T18:19:22.722744-00:00 0 [System] [MY-010116] [Server] /usr/sbin/mysqld (mysqld 8.0.32) starting as process 1
2023-05-05T18:19:22.727331-00:00 0 [Warning] [MY-010159] [Server] Setting lower_case_table_names=2 because file system for /var/lib/mysql/ is case insensitive
2023-05-05T18:19:22.745486-00:00 1 [System] [MY-013576] [InnoDB] InnoDB initialization has started.
2023-05-05T18:19:25.449883-00:00 1 [System] [MY-013577] [InnoDB] InnoDB initialization has ended.
2023-05-05T18:19:26.271434-00:00 0 [Warning] [MY-010068] [Server] CA certificate ca.pem is self signed.
2023-05-05T18:19:26.271968-00:00 0 [System] [MY-013602] [Server] Channel mysql_main configured to support TLS. Encrypted connections are now supported for this channel.
2023-05-05T18:19:26.384324-00:00 0 [System] [MY-011323] [Server] X Plugin ready for connections. Bind-address: '::' port: 33060, socket: /var/run/mysqld/mysqlx.sock
2023-05-05T18:19:26.384503-00:00 0 [System] [MY-010931] [Server] /usr/sbin/mysqld: ready for connections. Version: '8.0.32'  socket: '/var/lib/mysql/mysql.sock'  port: 3306  MySQL Community Server - GPL.
2023-05-06T08:53:07.745725-00:00 0 [System] [MY-013172] [Server] Received SHUTDOWN from user <via user signal>. Shutting down mysqld (Version: 8.0.32).
2023-05-06T08:53:08.509313-00:00 0 [System] [MY-010910] [Server] /usr/sbin/mysqld: Shutdown complete (mysqld 8.0.32)  MySQL Community Server - GPL.
